<?xml version="1.0" encoding="UTF-8"?>
<testng-results ignored="0" total="0" passed="0" failed="0" skipped="0">
  <reporter-output>
  </reporter-output>
  <suite started-at="2021-10-20T14:48:34 WAT" name="Test Suite" finished-at="2021-10-20T14:48:35 WAT" duration-ms="13">
    <groups>
    </groups>
    <test started-at="2021-10-20T14:48:34 WAT" name="Regression Tests" finished-at="2021-10-20T14:48:35 WAT" duration-ms="13">
    </test> <!-- Regression Tests -->
  </suite> <!-- Test Suite -->
</testng-results>
